npm verbose cli C:\Program Files\nodejs\node.exe C:\Program Files\nodejs\node_modules\npm\bin\npm-cli.js
npm info using npm@10.8.1
npm info using node@v20.16.0
npm verbose title npm install
npm verbose argv "install" "--legacy-peer-deps" "--loglevel" "verbose"
npm verbose logfile logs-max:10 dir:C:\Users\MAQ1\AppData\Local\npm-cache\_logs\2024-10-06T04_20_55_533Z-
npm verbose logfile C:\Users\MAQ1\AppData\Local\npm-cache\_logs\2024-10-06T04_20_55_533Z-debug-0.log
npm http fetch GET 200 https://registry.npmjs.org/browserstack-cypress-cli 936ms (cache revalidated)
npm http fetch GET 200 https://registry.npmjs.org/cypress 136ms (cache revalidated)
npm http fetch GET 200 https://registry.npmjs.org/archiver 150ms (cache revalidated)
npm http fetch GET 200 https://registry.npmjs.org/mkdirp 228ms (cache revalidated)
npm http fetch GET 200 https://registry.npmjs.org/chalk 279ms (cache revalidated)
npm http fetch GET 200 https://registry.npmjs.org/fs-extra 292ms (cache revalidated)
npm http fetch GET 200 https://registry.npmjs.org/async 298ms (cache revalidated)
npm http fetch GET 200 https://registry.npmjs.org/request 297ms (cache revalidated)
npm http fetch GET 200 https://registry.npmjs.org/mocha 311ms (cache revalidated)
npm http fetch GET 200 https://registry.npmjs.org/glob 341ms (cache revalidated)
npm http fetch GET 200 https://registry.npmjs.org/update-notifier 127ms (cache revalidated)
npm http fetch GET 200 https://registry.npmjs.org/winston 115ms (cache revalidated)
npm http fetch GET 200 https://registry.npmjs.org/yargs 84ms (cache revalidated)
npm http fetch GET 200 https://registry.npmjs.org/uuid 143ms (cache revalidated)
npm http fetch GET 200 https://registry.npmjs.org/windows-release 146ms (cache revalidated)
npm http fetch GET 200 https://registry.npmjs.org/decompress 138ms (cache revalidated)
npm http fetch GET 200 https://registry.npmjs.org/debug 50ms (cache revalidated)
npm http fetch GET 200 https://registry.npmjs.org/tmp 147ms (cache revalidated)
npm http fetch GET 200 https://registry.npmjs.org/arch 141ms (cache revalidated)
npm http fetch GET 200 https://registry.npmjs.org/dayjs 132ms (cache revalidated)
npm http fetch GET 200 https://registry.npmjs.org/execa 132ms (cache revalidated)
npm http fetch GET 200 https://registry.npmjs.org/getos 131ms (cache revalidated)
npm http fetch GET 200 https://registry.npmjs.org/listr2 55ms (cache revalidated)
npm http fetch GET 200 https://registry.npmjs.org/yauzl 142ms (cache revalidated)
npm http fetch GET 200 https://registry.npmjs.org/buffer 141ms (cache revalidated)
npm http fetch GET 200 https://registry.npmjs.org/lodash 137ms (cache revalidated)
npm http fetch GET 200 https://registry.npmjs.org/ospath 89ms (cache revalidated)
npm http fetch GET 200 https://registry.npmjs.org/browserstack-local 789ms (cache revalidated)
npm http fetch GET 200 https://registry.npmjs.org/cli-progress 841ms (cache revalidated)
npm http fetch GET 200 https://registry.npmjs.org/figures 130ms (cache revalidated)
npm http fetch GET 200 https://registry.npmjs.org/gitconfiglocal 856ms (cache revalidated)
npm http fetch GET 200 https://registry.npmjs.org/semver 146ms (cache revalidated)
npm http fetch GET 200 https://registry.npmjs.org/getmac 885ms (cache revalidated)
npm http fetch GET 200 https://registry.npmjs.org/git-last-commit 897ms (cache revalidated)
npm http fetch GET 200 https://registry.npmjs.org/git-repo-info 900ms (cache revalidated)
npm http fetch GET 200 https://registry.npmjs.org/node-ipc 907ms (cache revalidated)
npm http fetch GET 200 https://registry.npmjs.org/process 141ms (cache revalidated)
npm http fetch GET 200 https://registry.npmjs.org/requestretry 762ms (cache revalidated)
npm http fetch GET 200 https://registry.npmjs.org/bluebird 143ms (cache revalidated)
npm http fetch GET 200 https://registry.npmjs.org/enquirer 114ms (cache revalidated)
npm http fetch GET 200 https://registry.npmjs.org/table 730ms (cache revalidated)
npm http fetch GET 200 https://registry.npmjs.org/minimist 133ms (cache revalidated)
npm http fetch GET 200 https://registry.npmjs.org/blob-util 133ms (cache revalidated)
npm http fetch GET 200 https://registry.npmjs.org/commander 131ms (cache revalidated)
npm http fetch GET 200 https://registry.npmjs.org/untildify 138ms (cache revalidated)
npm http fetch GET 200 https://registry.npmjs.org/cli-cursor 136ms (cache revalidated)
npm http fetch GET 200 https://registry.npmjs.org/cli-table3 134ms (cache revalidated)
npm http fetch GET 200 https://registry.npmjs.org/extract-zip 129ms (cache revalidated)
npm http fetch GET 200 https://registry.npmjs.org/executable 142ms (cache revalidated)
npm http fetch GET 200 https://registry.npmjs.org/common-tags 145ms (cache revalidated)
npm http fetch GET 200 https://registry.npmjs.org/log-symbols 137ms (cache revalidated)
npm http fetch GET 200 https://registry.npmjs.org/pretty-bytes 135ms (cache revalidated)
npm http fetch GET 200 https://registry.npmjs.org/unzipper 717ms (cache revalidated)
npm http fetch GET 200 https://registry.npmjs.org/proxy-from-env 98ms (cache revalidated)
npm http fetch GET 200 https://registry.npmjs.org/eventemitter2 131ms (cache revalidated)
npm http fetch GET 200 https://registry.npmjs.org/supports-color 131ms (cache revalidated)
npm http fetch GET 200 https://registry.npmjs.org/is-installed-globally 125ms (cache revalidated)
npm http fetch GET 200 https://registry.npmjs.org/check-more-types 153ms (cache revalidated)
npm http fetch GET 200 https://registry.npmjs.org/@types%2fsizzle 234ms (cache revalidated)
npm http fetch GET 200 https://registry.npmjs.org/is-ci 711ms (cache revalidated)
npm http fetch GET 200 https://registry.npmjs.org/@cypress%2frequest 281ms (cache revalidated)
npm http fetch GET 200 https://registry.npmjs.org/@cypress%2fxvfb 383ms (cache revalidated)
npm http fetch GET 200 https://registry.npmjs.org/cachedir 724ms (cache revalidated)
npm http fetch GET 200 https://registry.npmjs.org/lazy-ass 713ms (cache revalidated)
npm http fetch GET 200 https://registry.npmjs.org/request-progress 723ms (cache revalidated)
npm http fetch GET 200 https://registry.npmjs.org/@types%2fsinonjs__fake-timers 1386ms (cache revalidated)
npm http fetch GET 200 https://registry.npmjs.org/https-proxy-agent 74ms (cache revalidated)
npm http fetch GET 200 https://registry.npmjs.org/agent-base 88ms (cache revalidated)
npm http fetch GET 200 https://registry.npmjs.org/archiver-utils 151ms (cache revalidated)
npm http fetch GET 200 https://registry.npmjs.org/readable-stream 153ms (cache revalidated)
npm http fetch GET 200 https://registry.npmjs.org/buffer-crc32 160ms (cache revalidated)
npm http fetch GET 200 https://registry.npmjs.org/string-width 161ms (cache revalidated)
npm http fetch GET 200 https://registry.npmjs.org/zip-stream 165ms (cache revalidated)
npm http fetch GET 200 https://registry.npmjs.org/decompress-tar 162ms (cache revalidated)
npm http fetch GET 200 https://registry.npmjs.org/readdir-glob 169ms (cache revalidated)
npm http fetch GET 200 https://registry.npmjs.org/decompress-tarbz2 166ms (cache revalidated)
npm http fetch GET 200 https://registry.npmjs.org/ansi-styles 170ms (cache revalidated)
npm http fetch GET 200 https://registry.npmjs.org/decompress-unzip 128ms (cache revalidated)
npm http fetch GET 200 https://registry.npmjs.org/ini 61ms (cache revalidated)
npm http fetch GET 200 https://registry.npmjs.org/graceful-fs 95ms (cache revalidated)
npm http fetch GET 200 https://registry.npmjs.org/graceful-fs 89ms (cache revalidated)
npm http fetch GET 200 https://registry.npmjs.org/pify 141ms (cache revalidated)
npm http fetch GET 200 https://registry.npmjs.org/make-dir 149ms (cache revalidated)
npm http fetch GET 200 https://registry.npmjs.org/jsonfile 144ms (cache revalidated)
npm http fetch GET 200 https://registry.npmjs.org/universalify 145ms (cache revalidated)
npm http fetch GET 200 https://registry.npmjs.org/strip-dirs 151ms (cache revalidated)
npm http fetch GET 200 https://registry.npmjs.org/inherits 76ms (cache revalidated)
npm http fetch GET 200 https://registry.npmjs.org/once 134ms (cache revalidated)
npm http fetch GET 200 https://registry.npmjs.org/minimatch 126ms (cache revalidated)
npm http fetch GET 200 https://registry.npmjs.org/@types%2fnode 240ms (cache revalidated)
npm http fetch GET 200 https://registry.npmjs.org/fs.realpath 193ms (cache revalidated)
npm http fetch GET 200 https://registry.npmjs.org/browser-stdout 181ms (cache revalidated)
npm http fetch GET 200 https://registry.npmjs.org/path-is-absolute 193ms (cache revalidated)
npm http fetch GET 200 https://registry.npmjs.org/escape-string-regexp 143ms (cache revalidated)
npm http fetch GET 200 https://registry.npmjs.org/ansi-colors 187ms (cache revalidated)
npm http fetch GET 200 https://registry.npmjs.org/chokidar 185ms (cache revalidated)
npm http fetch GET 200 https://registry.npmjs.org/yargs 14ms (cache hit)
npm http fetch GET 200 https://registry.npmjs.org/find-up 142ms (cache revalidated)
npm http fetch GET 200 https://registry.npmjs.org/ms 85ms (cache revalidated)
npm http fetch GET 200 https://registry.npmjs.org/he 96ms (cache revalidated)
npm http fetch GET 200 https://registry.npmjs.org/strip-json-comments 136ms (cache revalidated)
npm http fetch GET 200 https://registry.npmjs.org/serialize-javascript 139ms (cache revalidated)
npm http fetch GET 200 https://registry.npmjs.org/js-yaml 156ms (cache revalidated)
npm http fetch GET 200 https://registry.npmjs.org/yargs-unparser 137ms (cache revalidated)
npm http fetch GET 200 https://registry.npmjs.org/ps-tree 712ms (cache revalidated)
npm http fetch GET 200 https://registry.npmjs.org/is-running 716ms (cache revalidated)
npm http fetch GET 200 https://registry.npmjs.org/temp-fs 731ms (cache revalidated)
npm http fetch GET 200 https://registry.npmjs.org/tar-stream 736ms (cache revalidated)
npm http fetch GET 200 https://registry.npmjs.org/qs 123ms (cache revalidated)
npm http fetch GET 200 https://registry.npmjs.org/decompress-targz 713ms (cache revalidated)
npm http fetch GET 200 https://registry.npmjs.org/extend 128ms (cache revalidated)
npm http fetch GET 200 https://registry.npmjs.org/isstream 92ms (cache revalidated)
npm http fetch GET 200 https://registry.npmjs.org/aws-sign2 127ms (cache revalidated)
npm http fetch GET 200 https://registry.npmjs.org/mime-types 100ms (cache revalidated)
npm http fetch GET 200 https://registry.npmjs.org/form-data 131ms (cache revalidated)
npm http fetch GET 200 https://registry.npmjs.org/oauth-sign 130ms (cache revalidated)
npm http fetch GET 200 https://registry.npmjs.org/safe-buffer 127ms (cache revalidated)
npm http fetch GET 200 https://registry.npmjs.org/inflight 698ms (cache revalidated)
npm http fetch GET 200 https://registry.npmjs.org/tough-cookie 130ms (cache revalidated)
npm http fetch GET 200 https://registry.npmjs.org/forever-agent 134ms (cache revalidated)
npm http fetch GET 200 https://registry.npmjs.org/har-validator 138ms (cache revalidated)
npm http fetch GET 200 https://registry.npmjs.org/tunnel-agent 149ms (cache revalidated)
npm http fetch GET 200 https://registry.npmjs.org/is-typedarray 135ms (cache revalidated)
npm http fetch GET 200 https://registry.npmjs.org/http-signature 138ms (cache revalidated)
npm http fetch GET 200 https://registry.npmjs.org/slice-ansi 53ms (cache revalidated)
npm http fetch GET 200 https://registry.npmjs.org/combined-stream 141ms (cache revalidated)
npm http fetch GET 200 https://registry.npmjs.org/performance-now 139ms (cache revalidated)
npm http fetch GET 200 https://registry.npmjs.org/json-stringify-safe 142ms (cache revalidated)
npm http fetch GET 200 https://registry.npmjs.org/ajv 139ms (cache revalidated)
npm http fetch GET 200 https://registry.npmjs.org/duplexer2 134ms (cache revalidated)
npm http fetch GET 200 https://registry.npmjs.org/pupa 136ms (cache revalidated)
npm http fetch GET 200 https://registry.npmjs.org/node-int64 139ms (cache revalidated)
npm http fetch GET 200 https://registry.npmjs.org/boxen 143ms (cache revalidated)
npm http fetch GET 200 https://registry.npmjs.org/diff 912ms (cache revalidated)
npm http fetch GET 200 https://registry.npmjs.org/workerpool 740ms (cache revalidated)
npm http fetch GET 200 https://registry.npmjs.org/yargs-parser 744ms (cache revalidated)
npm http fetch GET 200 https://registry.npmjs.org/js-message 719ms (cache revalidated)
npm http fetch GET 200 https://registry.npmjs.org/semver-diff 121ms (cache revalidated)
npm http fetch GET 200 https://registry.npmjs.org/event-pubsub 690ms (cache revalidated)
npm http fetch GET 200 https://registry.npmjs.org/js-queue 750ms (cache revalidated)
npm http fetch GET 200 https://registry.npmjs.org/xdg-basedir 143ms (cache revalidated)
npm http fetch GET 200 https://registry.npmjs.org/latest-version 138ms (cache revalidated)
npm http fetch GET 200 https://registry.npmjs.org/colors 105ms (cache revalidated)
npm http fetch GET 200 https://registry.npmjs.org/eyes 139ms (cache revalidated)
npm http fetch GET 200 https://registry.npmjs.org/y18n 55ms (cache revalidated)
npm http fetch GET 200 https://registry.npmjs.org/cliui 83ms (cache revalidated)
npm http fetch GET 200 https://registry.npmjs.org/aws4 757ms (cache revalidated)
npm http fetch GET 200 https://registry.npmjs.org/set-blocking 79ms (cache revalidated)
npm http fetch GET 200 https://registry.npmjs.org/caseless 717ms (cache revalidated)
npm http fetch GET 200 https://registry.npmjs.org/get-caller-file 54ms (cache revalidated)
npm http fetch GET 200 https://registry.npmjs.org/require-directory 54ms (cache revalidated)
npm http fetch GET 200 https://registry.npmjs.org/stack-trace 135ms (cache revalidated)
npm http fetch GET 200 https://registry.npmjs.org/decamelize 145ms (cache revalidated)
npm http fetch GET 200 https://registry.npmjs.org/which-module 129ms (cache revalidated)
npm http fetch GET 200 https://registry.npmjs.org/require-main-filename 139ms (cache revalidated)
npm http fetch GET 200 https://registry.npmjs.org/is-in-ci 654ms (cache revalidated)
npm http fetch GET 200 https://registry.npmjs.org/is-npm 744ms (cache revalidated)
npm http fetch GET 200 https://registry.npmjs.org/import-lazy 644ms (cache revalidated)
npm http fetch GET 200 https://registry.npmjs.org/configstore 746ms (cache revalidated)
npm http fetch GET 200 https://registry.npmjs.org/cycle 705ms (cache revalidated)
npm http fetch GET 200 https://registry.npmjs.org/lodash.union 135ms (cache revalidated)
npm http fetch GET 200 https://registry.npmjs.org/lodash.flatten 167ms (cache revalidated)
npm http fetch GET 200 https://registry.npmjs.org/lodash.isplainobject 168ms (cache revalidated)
npm http fetch GET 200 https://registry.npmjs.org/compress-commons 164ms (cache revalidated)
npm http fetch GET 200 https://registry.npmjs.org/fs-constants 170ms (cache revalidated)
npm http fetch GET 200 https://registry.npmjs.org/end-of-stream 173ms (cache revalidated)
npm http fetch GET 200 https://registry.npmjs.org/bl 173ms (cache revalidated)
npm http fetch GET 200 https://registry.npmjs.org/lodash.defaults 179ms (cache revalidated)
npm http fetch GET 200 https://registry.npmjs.org/string_decoder 176ms (cache revalidated)
npm http fetch GET 200 https://registry.npmjs.org/lazystream 183ms (cache revalidated)
npm http fetch GET 200 https://registry.npmjs.org/normalize-path 198ms (cache revalidated)
npm http fetch GET 200 https://registry.npmjs.org/util-deprecate 198ms (cache revalidated)
npm http fetch GET 200 https://registry.npmjs.org/lodash.difference 230ms (cache revalidated)
npm http fetch GET 200 https://registry.npmjs.org/core-util-is 163ms (cache revalidated)
npm http fetch GET 200 https://registry.npmjs.org/process-nextick-args 163ms (cache revalidated)
npm http fetch GET 200 https://registry.npmjs.org/isarray 164ms (cache revalidated)
npm http fetch GET 200 https://registry.npmjs.org/rimraf 74ms (cache revalidated)
npm http fetch GET 200 https://registry.npmjs.org/event-stream 170ms (cache revalidated)
npm http fetch GET 200 https://registry.npmjs.org/has-flag 133ms (cache revalidated)
npm http fetch GET 200 https://registry.npmjs.org/color-convert 138ms (cache revalidated)
npm http fetch GET 200 https://registry.npmjs.org/color-name 134ms (cache revalidated)
npm http fetch GET 200 https://registry.npmjs.org/is-fullwidth-code-point 119ms (cache revalidated)
npm http fetch GET 200 https://registry.npmjs.org/strip-ansi 131ms (cache revalidated)
npm http fetch GET 200 https://registry.npmjs.org/emoji-regex 136ms (cache revalidated)
npm http fetch GET 200 https://registry.npmjs.org/strip-final-newline 151ms (cache revalidated)
npm http fetch GET 200 https://registry.npmjs.org/restore-cursor 257ms (cache revalidated)
npm http fetch GET 200 https://registry.npmjs.org/signal-exit 254ms (cache revalidated)
npm http fetch GET 200 https://registry.npmjs.org/get-stream 254ms (cache revalidated)
npm http fetch GET 200 https://registry.npmjs.org/npm-run-path 258ms (cache revalidated)
npm http fetch GET 200 https://registry.npmjs.org/get-stream 261ms (cache revalidated)
npm http fetch GET 200 https://registry.npmjs.org/base64-js 268ms (cache revalidated)
npm http fetch GET 200 https://registry.npmjs.org/ieee754 268ms (cache revalidated)
npm http fetch GET 200 https://registry.npmjs.org/cross-spawn 266ms (cache revalidated)
npm http fetch GET 200 https://registry.npmjs.org/is-stream 273ms (cache revalidated)
npm http fetch GET 200 https://registry.npmjs.org/lodash.once 278ms (cache revalidated)
npm http fetch GET 200 https://registry.npmjs.org/merge-stream 273ms (cache revalidated)
npm http fetch GET 200 https://registry.npmjs.org/human-signals 274ms (cache revalidated)
npm http fetch GET 200 https://registry.npmjs.org/onetime 284ms (cache revalidated)
npm http fetch GET 200 https://registry.npmjs.org/rfdc 127ms (cache revalidated)
npm http fetch GET 200 https://registry.npmjs.org/p-map 146ms (cache revalidated)
npm http fetch GET 200 https://registry.npmjs.org/cli-truncate 155ms (cache revalidated)
npm http fetch GET 200 https://registry.npmjs.org/log-update 161ms (cache revalidated)
npm http fetch GET 200 https://registry.npmjs.org/colorette 166ms (cache revalidated)
npm http fetch GET 200 https://registry.npmjs.org/at-least-node 187ms (cache revalidated)
npm http fetch GET 200 https://registry.npmjs.org/is-path-inside 188ms (cache revalidated)
npm http fetch GET 200 https://registry.npmjs.org/ci-info 192ms (cache revalidated)
npm http fetch GET 200 https://registry.npmjs.org/global-dirs 191ms (cache revalidated)
npm http fetch GET 200 https://registry.npmjs.org/through 189ms (cache revalidated)
npm http fetch GET 200 https://registry.npmjs.org/@types%2fyauzl 321ms (cache revalidated)
npm http fetch GET 200 https://registry.npmjs.org/@colors%2fcolors 532ms (cache revalidated)
npm http fetch GET 200 https://registry.npmjs.org/wrap-ansi 256ms (cache revalidated)
npm http fetch GET 200 https://registry.npmjs.org/rxjs 269ms (cache revalidated)
npm http fetch GET 200 https://registry.npmjs.org/is-unicode-supported 268ms (cache revalidated)
npm http fetch GET 200 https://registry.npmjs.org/throttleit 166ms (cache revalidated)
npm http fetch GET 200 https://registry.npmjs.org/fd-slicer 146ms (cache revalidated)
npm http fetch GET 200 https://registry.npmjs.org/psl 157ms (cache revalidated)
npm http fetch GET 200 https://registry.npmjs.org/assert-plus 189ms (cache revalidated)
npm http fetch GET 200 https://registry.npmjs.org/side-channel 185ms (cache revalidated)
npm http fetch GET 200 https://registry.npmjs.org/jsprim 188ms (cache revalidated)
npm http fetch GET 200 https://registry.npmjs.org/url-parse 184ms (cache revalidated)
npm http fetch GET 200 https://registry.npmjs.org/punycode 186ms (cache revalidated)
npm http fetch GET 200 https://registry.npmjs.org/sshpk 189ms (cache revalidated)
npm http fetch GET 200 https://registry.npmjs.org/delayed-stream 199ms (cache revalidated)
npm http fetch GET 200 https://registry.npmjs.org/mime-db 192ms (cache revalidated)
npm http fetch GET 200 https://registry.npmjs.org/asynckit 708ms (cache revalidated)
npm http fetch GET 200 https://registry.npmjs.org/unbzip2-stream 143ms (cache revalidated)
npm http fetch GET 200 https://registry.npmjs.org/seek-bzip 220ms (cache revalidated)
npm http fetch GET 200 https://registry.npmjs.org/file-type 220ms (cache revalidated)
npm http fetch GET 200 https://registry.npmjs.org/file-type 227ms (cache revalidated)
npm http fetch GET 200 https://registry.npmjs.org/file-type 228ms (cache revalidated)
npm http fetch GET 200 https://registry.npmjs.org/file-type 233ms (cache revalidated)
npm http fetch GET 200 https://registry.npmjs.org/is-natural-number 807ms (cache revalidated)
npm http fetch GET 200 https://registry.npmjs.org/buffer-alloc 211ms (cache revalidated)
npm http fetch GET 200 https://registry.npmjs.org/xtend 225ms (cache revalidated)
npm http fetch GET 200 https://registry.npmjs.org/to-buffer 813ms (cache revalidated)
npm http fetch GET 200 https://registry.npmjs.org/pinkie-promise 174ms (cache revalidated)
npm http fetch GET 200 https://registry.npmjs.org/object-assign 176ms (cache revalidated)
npm http fetch GET 200 https://registry.npmjs.org/ansi-regex 176ms (cache revalidated)
npm http fetch GET 200 https://registry.npmjs.org/which 141ms (cache revalidated)
npm http fetch GET 200 https://registry.npmjs.org/path-key 145ms (cache revalidated)
npm http fetch GET 200 https://registry.npmjs.org/path-key 145ms (cache revalidated)
npm http fetch GET 200 https://registry.npmjs.org/shebang-command 156ms (cache revalidated)
npm http fetch GET 200 https://registry.npmjs.org/pump 164ms (cache revalidated)
npm http fetch GET 200 https://registry.npmjs.org/mimic-fn 191ms (cache revalidated)
npm http fetch GET 200 https://registry.npmjs.org/isexe 148ms (cache revalidated)
npm http fetch GET 200 https://registry.npmjs.org/shebang-regex 155ms (cache revalidated)
npm http fetch GET 200 https://registry.npmjs.org/@types%2fnode 22ms (cache hit)
npm http fetch GET 200 https://registry.npmjs.org/undici-types 128ms (cache revalidated)
npm http fetch GET 200 https://registry.npmjs.org/pinkie 161ms (cache revalidated)
npm http fetch GET 200 https://registry.npmjs.org/wrappy 152ms (cache revalidated)
npm http fetch GET 200 https://registry.npmjs.org/wrappy 151ms (cache revalidated)
npm http fetch GET 200 https://registry.npmjs.org/brace-expansion 198ms (cache revalidated)
npm http fetch GET 200 https://registry.npmjs.org/jsbn 76ms (cache revalidated)
npm http fetch GET 200 https://registry.npmjs.org/getpass 126ms (cache revalidated)
npm http fetch GET 200 https://registry.npmjs.org/json-schema 128ms (cache revalidated)
npm http fetch GET 200 https://registry.npmjs.org/ecc-jsbn 125ms (cache revalidated)
npm http fetch GET 200 https://registry.npmjs.org/dashdash 141ms (cache revalidated)
npm http fetch GET 200 https://registry.npmjs.org/safer-buffer 141ms (cache revalidated)
npm http fetch GET 200 https://registry.npmjs.org/asn1 144ms (cache revalidated)
npm http fetch GET 200 https://registry.npmjs.org/extsprintf 147ms (cache revalidated)
npm http fetch GET 200 https://registry.npmjs.org/bcrypt-pbkdf 148ms (cache revalidated)
npm http fetch GET 200 https://registry.npmjs.org/tweetnacl 166ms (cache revalidated)
npm http fetch GET 200 https://registry.npmjs.org/verror 186ms (cache revalidated)
npm http fetch GET 200 https://registry.npmjs.org/aggregate-error 109ms (cache revalidated)
npm http fetch GET 200 https://registry.npmjs.org/ansi-escapes 194ms (cache revalidated)
npm http fetch GET 200 https://registry.npmjs.org/tslib 194ms (cache revalidated)
npm http fetch GET 200 https://registry.npmjs.org/astral-regex 149ms (cache revalidated)
npm http fetch GET 200 https://registry.npmjs.org/type-fest 179ms (cache revalidated)
npm http fetch GET 200 https://registry.npmjs.org/concat-map 169ms (cache revalidated)
npm http fetch GET 200 https://registry.npmjs.org/balanced-match 182ms (cache revalidated)
npm http fetch GET 200 https://registry.npmjs.org/path-exists 161ms (cache revalidated)
npm http fetch GET 200 https://registry.npmjs.org/readdirp 211ms (cache revalidated)
npm http fetch GET 200 https://registry.npmjs.org/locate-path 212ms (cache revalidated)
npm http fetch GET 200 https://registry.npmjs.org/camelcase 208ms (cache revalidated)
npm http fetch GET 200 https://registry.npmjs.org/braces 221ms (cache revalidated)
npm http fetch GET 200 https://registry.npmjs.org/is-glob 219ms (cache revalidated)
npm http fetch GET 200 https://registry.npmjs.org/anymatch 219ms (cache revalidated)
npm http fetch GET 200 https://registry.npmjs.org/is-plain-obj 209ms (cache revalidated)
npm http fetch GET 200 https://registry.npmjs.org/is-binary-path 219ms (cache revalidated)
npm http fetch GET 200 https://registry.npmjs.org/argparse 217ms (cache revalidated)
npm http fetch GET 200 https://registry.npmjs.org/escalade 218ms (cache revalidated)
npm http fetch GET 200 https://registry.npmjs.org/flat 216ms (cache revalidated)
npm http fetch GET 200 https://registry.npmjs.org/glob-parent 224ms (cache revalidated)
npm http fetch GET 200 https://registry.npmjs.org/fsevents 224ms (cache revalidated)
npm http fetch GET 200 https://registry.npmjs.org/randombytes 782ms (cache revalidated)
npm http fetch GET 200 https://registry.npmjs.org/binary-extensions 108ms (cache revalidated)
npm http fetch GET 200 https://registry.npmjs.org/fill-range 125ms (cache revalidated)
npm http fetch GET 200 https://registry.npmjs.org/is-extglob 147ms (cache revalidated)
npm http fetch GET 200 https://registry.npmjs.org/picomatch 165ms (cache revalidated)
npm http fetch GET 200 https://registry.npmjs.org/picomatch 187ms (cache revalidated)
npm http fetch GET 200 https://registry.npmjs.org/to-regex-range 103ms (cache revalidated)
npm http fetch GET 200 https://registry.npmjs.org/is-number 137ms (cache revalidated)
npm http fetch GET 200 https://registry.npmjs.org/p-locate 99ms (cache revalidated)
npm http fetch GET 200 https://registry.npmjs.org/p-limit 160ms (cache revalidated)
npm http fetch GET 200 https://registry.npmjs.org/easy-stack 710ms (cache revalidated)
npm http fetch GET 200 https://registry.npmjs.org/yocto-queue 199ms (cache revalidated)
npm http fetch GET 200 https://registry.npmjs.org/indent-string 99ms (cache revalidated)
npm http fetch GET 200 https://registry.npmjs.org/clean-stack 101ms (cache revalidated)
npm http fetch GET 200 https://registry.npmjs.org/from 152ms (cache revalidated)
npm http fetch GET 200 https://registry.npmjs.org/duplexer 153ms (cache revalidated)
npm http fetch GET 200 https://registry.npmjs.org/pause-stream 171ms (cache revalidated)
npm http fetch GET 200 https://registry.npmjs.org/stream-combiner 170ms (cache revalidated)
npm http fetch GET 200 https://registry.npmjs.org/split 190ms (cache revalidated)
npm http fetch GET 200 https://registry.npmjs.org/map-stream 681ms (cache revalidated)
npm http fetch GET 200 https://registry.npmjs.org/get-intrinsic 153ms (cache revalidated)
npm http fetch GET 200 https://registry.npmjs.org/object-inspect 153ms (cache revalidated)
npm http fetch GET 200 https://registry.npmjs.org/call-bind 156ms (cache revalidated)
npm http fetch GET 200 https://registry.npmjs.org/es-errors 225ms (cache revalidated)
npm http fetch GET 200 https://registry.npmjs.org/ajv 14ms (cache hit)
npm http fetch GET 200 https://registry.npmjs.org/har-schema 197ms (cache revalidated)
npm http fetch GET 200 https://registry.npmjs.org/fast-json-stable-stringify 149ms (cache revalidated)
npm http fetch GET 200 https://registry.npmjs.org/json-schema-traverse 151ms (cache revalidated)
npm http fetch GET 200 https://registry.npmjs.org/uri-js 153ms (cache revalidated)
npm http fetch GET 200 https://registry.npmjs.org/fast-deep-equal 713ms (cache revalidated)
npm http fetch GET 200 https://registry.npmjs.org/has-proto 231ms (cache revalidated)
npm http fetch GET 200 https://registry.npmjs.org/hasown 231ms (cache revalidated)
npm http fetch GET 200 https://registry.npmjs.org/function-bind 233ms (cache revalidated)
npm http fetch GET 200 https://registry.npmjs.org/set-function-length 234ms (cache revalidated)
npm http fetch GET 200 https://registry.npmjs.org/has-symbols 237ms (cache revalidated)
npm http fetch GET 200 https://registry.npmjs.org/es-define-property 244ms (cache revalidated)
npm http fetch GET 200 https://registry.npmjs.org/function-bind 242ms (cache revalidated)
npm http fetch GET 200 https://registry.npmjs.org/gopd 162ms (cache revalidated)
npm http fetch GET 200 https://registry.npmjs.org/has-property-descriptors 162ms (cache revalidated)
npm http fetch GET 200 https://registry.npmjs.org/define-data-property 170ms (cache revalidated)
npm http fetch GET 200 https://registry.npmjs.org/querystringify 138ms (cache revalidated)
npm http fetch GET 200 https://registry.npmjs.org/requires-port 172ms (cache revalidated)
npm http fetch GET 200 https://registry.npmjs.org/unique-string 229ms (cache revalidated)
npm http fetch GET 200 https://registry.npmjs.org/write-file-atomic 229ms (cache revalidated)
npm http fetch GET 200 https://registry.npmjs.org/widest-line 231ms (cache revalidated)
npm http fetch GET 200 https://registry.npmjs.org/dot-prop 232ms (cache revalidated)
npm http fetch GET 200 https://registry.npmjs.org/package-json 232ms (cache revalidated)
npm http fetch GET 200 https://registry.npmjs.org/ansi-align 799ms (cache revalidated)
npm http fetch GET 200 https://registry.npmjs.org/cli-boxes 803ms (cache revalidated)
npm http fetch GET 200 https://registry.npmjs.org/escape-goat 800ms (cache revalidated)
npm http fetch GET 200 https://registry.npmjs.org/eastasianwidth 142ms (cache revalidated)
npm http fetch GET 200 https://registry.npmjs.org/imurmurhash 65ms (cache revalidated)
npm http fetch GET 200 https://registry.npmjs.org/crypto-random-string 121ms (cache revalidated)
npm http fetch GET 200 https://registry.npmjs.org/is-obj 148ms (cache revalidated)
npm http fetch GET 200 https://registry.npmjs.org/typedarray-to-buffer 171ms (cache revalidated)
npm http fetch GET 200 https://registry.npmjs.org/registry-auth-token 170ms (cache revalidated)
npm http fetch GET 200 https://registry.npmjs.org/registry-url 171ms (cache revalidated)
npm http fetch GET 200 https://registry.npmjs.org/got 173ms (cache revalidated)
npm http fetch GET 200 https://registry.npmjs.org/lowercase-keys 158ms (cache revalidated)
npm http fetch GET 200 https://registry.npmjs.org/cacheable-request 158ms (cache revalidated)
npm http fetch GET 200 https://registry.npmjs.org/p-cancelable 199ms (cache revalidated)
npm http fetch GET 200 https://registry.npmjs.org/decompress-response 197ms (cache revalidated)
npm http fetch GET 200 https://registry.npmjs.org/rc 197ms (cache revalidated)
npm http fetch GET 200 https://registry.npmjs.org/form-data-encoder 199ms (cache revalidated)
npm http fetch GET 200 https://registry.npmjs.org/http2-wrapper 202ms (cache revalidated)
npm http fetch GET 200 https://registry.npmjs.org/responselike 209ms (cache revalidated)
npm http fetch GET 200 https://registry.npmjs.org/cacheable-lookup 208ms (cache revalidated)
npm http fetch GET 200 https://registry.npmjs.org/@szmarczak%2fhttp-timer 522ms (cache revalidated)
npm http fetch GET 200 https://registry.npmjs.org/@pnpm%2fnpm-conf 535ms (cache revalidated)
npm http fetch GET 200 https://registry.npmjs.org/@sindresorhus%2fis 985ms (cache revalidated)
npm http fetch GET 200 https://registry.npmjs.org/http-cache-semantics 91ms (cache revalidated)
npm http fetch GET 200 https://registry.npmjs.org/normalize-url 165ms (cache revalidated)
npm http fetch GET 200 https://registry.npmjs.org/resolve-alpn 180ms (cache revalidated)
npm http fetch GET 200 https://registry.npmjs.org/mimic-response 183ms (cache revalidated)
npm http fetch GET 200 https://registry.npmjs.org/keyv 183ms (cache revalidated)
npm http fetch GET 200 https://registry.npmjs.org/mimic-response 184ms (cache revalidated)
npm http fetch GET 200 https://registry.npmjs.org/defer-to-connect 188ms (cache revalidated)
npm http fetch GET 200 https://registry.npmjs.org/quick-lru 197ms (cache revalidated)
npm http fetch GET 200 https://registry.npmjs.org/@types%2fhttp-cache-semantics 264ms (cache revalidated)
npm http fetch GET 200 https://registry.npmjs.org/json-buffer 170ms (cache revalidated)
npm http fetch GET 200 https://registry.npmjs.org/config-chain 190ms (cache revalidated)
npm http fetch GET 200 https://registry.npmjs.org/@pnpm%2fnetwork.ca-file 504ms (cache revalidated)
npm http fetch GET 200 https://registry.npmjs.org/@pnpm%2fconfig.env-replace 546ms (cache revalidated)
npm http fetch GET 200 https://registry.npmjs.org/proto-list 194ms (cache revalidated)
npm http fetch GET 200 https://registry.npmjs.org/deep-extend 126ms (cache revalidated)
npm http fetch GET 200 https://registry.npmjs.org/pend 154ms (cache revalidated)
npm http fetch GET 200 https://registry.npmjs.org/crc32-stream 273ms (cache revalidated)
npm http fetch GET 200 https://registry.npmjs.org/crc-32 133ms (cache revalidated)
npm http fetch GET 200 https://registry.npmjs.org/buffer-fill 179ms (cache revalidated)
npm http fetch GET 200 https://registry.npmjs.org/buffer-alloc-unsafe 194ms (cache revalidated)
npm http fetch GET 200 https://registry.npmjs.org/p-try 147ms (cache revalidated)
npm verbose reify failed optional dependency C:\Users\MAQ1\Desktop\SUITECRM\SuiteCRM\tmpBstackPackages\node_modules\fsevents
npm http fetch POST 200 https://registry.npmjs.org/-/npm/v1/security/advisories/bulk 507ms
npm warn deprecated inflight@1.0.6: This module is not supported, and leaks memory. Do not use it. Check out lru-cache if you want a good and tested way to coalesce async requests by a key value, which is much more comprehensive and powerful.
npm warn deprecated rimraf@2.5.4: Rimraf versions prior to v4 are no longer supported
npm warn deprecated har-validator@5.1.5: this library is no longer supported
npm warn deprecated glob@7.2.3: Glob versions prior to v9 are no longer supported
npm warn deprecated glob@8.1.0: Glob versions prior to v9 are no longer supported
npm http fetch GET 200 https://registry.npmjs.org/tough-cookie 786ms (cache revalidated)
npm http fetch GET 200 https://registry.npmjs.org/request 797ms (cache revalidated)
npm warn deprecated uuid@3.4.0: Please upgrade  to version 7 or higher.  Older versions may use Math.random() in certain circumstances, which is known to be problematic.  See https://v8.dev/blog/math-random for details.
npm warn deprecated request@2.88.2: request has been deprecated, see https://github.com/request/request/issues/3142
npm http fetch GET 200 https://registry.npmjs.org/browserstack-cypress-cli 852ms (cache revalidated)
npm info run cypress@13.15.0 postinstall node_modules/cypress node index.js --exec install
npm info run cypress@13.15.0 postinstall { code: 0, signal: null }

added 469 packages, and audited 470 packages in 27s

94 packages are looking for funding
  run `npm fund` for details

3 moderate severity vulnerabilities

To address all issues (including breaking changes), run:
  npm audit fix --force

Run `npm audit` for details.
npm verbose cwd C:\Users\MAQ1\Desktop\SUITECRM\SuiteCRM\tmpBstackPackages
npm verbose os Windows_NT 10.0.26100
npm verbose node v20.16.0
npm verbose npm  v10.8.1
npm verbose exit 0
npm info ok
